
> escape@0.1.0 build
> next build

ÔÜá Warning: Next.js inferred your workspace root, but it may not be correct.
 We detected multiple lockfiles and selected the directory of C:\Users\2221661\package-lock.json as the root directory.
 To silence this warning, set `turbopack.root` in your Next.js config, or consider removing one of the lockfiles if it's not needed.
   See https://nextjs.org/docs/app/api-reference/config/next-config-js/turbopack#root-directory for more information.
 Detected additional lockfiles: 
   * C:\Users\2221661\Desktop\projects\escape\package-lock.json

Ôû▓ Next.js 16.1.6 (Turbopack)

  Creating an optimized production build ...

> Build error occurred
Error: Turbopack build failed with 1 errors:
./Desktop/projects/escape/src/app/page.tsx:3:20
Ecmascript file had an error
  1 | import dynamic from "next/dynamic";
  2 |
> 3 | const GameCanvas = dynamic(() => import("../components/GameCanvas"), {
    |                    ^^^^^^^^^^^^^^^^^^^^^^^^^^^^^^^^^^^^^^^^^^^^^^^^^^^
> 4 |   ssr: false,
    | ^^^^^^^^^^^^^
> 5 | });
    | ^^^
  6 |
  7 | export default function Home() {
  8 |   return (

`ssr: false` is not allowed with `next/dynamic` in Server Components. Please move it into a Client Component.


    at <unknown> (./Desktop/projects/escape/src/app/page.tsx:3:20)
